#! /c/iverilog/bin/vvp
:ivl_version "0.9.7 " "(v0_9_7)";
:vpi_time_precision + 0;
:vpi_module "system";
:vpi_module "v2005_math";
:vpi_module "va_math";
S_00BE8E58 .scope module, "test_adder" "test_adder" 2 32;
 .timescale 0 0;
v00ABE8A8_0 .var "A", 0 3;
v00ABE900_0 .var "B", 0 3;
v00ABE958_0 .var "C0", 0 0;
v00ABEA08_0 .net "C4", 0 0, L_00ABECF8; 1 drivers
RS_00A942B4 .resolv tri, L_00ABE640, L_00ABE0C0, L_00ABDD50, L_00ABE430;
v00ABDE00_0 .net8 "S", 0 3, RS_00A942B4; 4 drivers
S_00BE97E8 .scope module, "_4bitadder" "_4bit_adder" 2 37, 2 20, S_00BE8E58;
 .timescale 0 0;
v00ABEB10_0 .net "A", 0 3, v00ABE8A8_0; 1 drivers
v00ABEA60_0 .net "B", 0 3, v00ABE900_0; 1 drivers
v00ABEAB8_0 .net "C0", 0 0, v00ABE958_0; 1 drivers
v00ABE748_0 .net "C1", 0 0, L_00A90DE0; 1 drivers
v00ABE9B0_0 .net "C2", 0 0, L_00ABF190; 1 drivers
v00ABE7F8_0 .net "C3", 0 0, L_00ABF2A8; 1 drivers
v00ABE7A0_0 .alias "C4", 0 0, v00ABEA08_0;
v00ABE850_0 .alias "S", 0 3, v00ABDE00_0;
L_00ABE488 .part v00ABE8A8_0, 3, 1;
L_00ABDE58 .part v00ABE900_0, 3, 1;
L_00ABE640 .part/pv L_00A91160, 3, 1, 4;
L_00ABE010 .part v00ABE8A8_0, 2, 1;
L_00ABE538 .part v00ABE900_0, 2, 1;
L_00ABE0C0 .part/pv L_00A91128, 2, 1, 4;
L_00ABE590 .part v00ABE8A8_0, 1, 1;
L_00ABE2D0 .part v00ABE900_0, 1, 1;
L_00ABDD50 .part/pv L_00ABF318, 1, 1, 4;
L_00ABE118 .part v00ABE8A8_0, 0, 1;
L_00ABE4E0 .part v00ABE900_0, 0, 1;
L_00ABE430 .part/pv L_00ABEF60, 0, 1, 4;
S_00BE9E48 .scope module, "fa1" "full_adder" 2 26, 2 11, S_00BE97E8;
 .timescale 0 0;
L_00A90DE0 .functor OR 1, L_00A910F0, L_00A90EF8, C4<0>, C4<0>;
v00ABD060_0 .net "A", 0 0, L_00ABE488; 1 drivers
v00ABD0B8_0 .net "B", 0 0, L_00ABDE58; 1 drivers
v00ABD110_0 .alias "C", 0 0, v00ABE748_0;
v00ABD168_0 .alias "D", 0 0, v00ABEAB8_0;
v00ABD1C0_0 .net "S", 0 0, L_00A91160; 1 drivers
v00ABD218_0 .net "w1", 0 0, L_00BE4B78; 1 drivers
v00ABEBC0_0 .net "w2", 0 0, L_00A910F0; 1 drivers
v00ABEB68_0 .net "w3", 0 0, L_00A90EF8; 1 drivers
S_00BEA860 .scope module, "halfadder1" "onebit_halfadder" 2 15, 2 1, S_00BE9E48;
 .timescale 0 0;
L_00BE4B78 .functor XOR 1, L_00ABE488, L_00ABDE58, C4<0>, C4<0>;
L_00A910F0 .functor AND 1, L_00ABE488, L_00ABDE58, C4<1>, C4<1>;
v00ABCCF0_0 .alias "A", 0 0, v00ABD060_0;
v00ABCD48_0 .alias "B", 0 0, v00ABD0B8_0;
v00ABD3D0_0 .alias "C", 0 0, v00ABEBC0_0;
v00ABCDA0_0 .alias "S", 0 0, v00ABD218_0;
S_00BE9FE0 .scope module, "halfadder2" "onebit_halfadder" 2 16, 2 1, S_00BE9E48;
 .timescale 0 0;
L_00A91160 .functor XOR 1, L_00BE4B78, v00ABE958_0, C4<0>, C4<0>;
L_00A90EF8 .functor AND 1, L_00BE4B78, v00ABE958_0, C4<1>, C4<1>;
v00ABCFB0_0 .alias "A", 0 0, v00ABD218_0;
v00ABCE50_0 .alias "B", 0 0, v00ABEAB8_0;
v00ABCC98_0 .alias "C", 0 0, v00ABEB68_0;
v00ABCF58_0 .alias "S", 0 0, v00ABD1C0_0;
S_00BE8EE0 .scope module, "fa2" "full_adder" 2 27, 2 11, S_00BE97E8;
 .timescale 0 0;
L_00ABF190 .functor OR 1, L_00A910B8, L_00ABEDA0, C4<0>, C4<0>;
v00ABD008_0 .net "A", 0 0, L_00ABE010; 1 drivers
v00ABCEA8_0 .net "B", 0 0, L_00ABE538; 1 drivers
v00ABCC40_0 .alias "C", 0 0, v00ABE9B0_0;
v00ABD5E0_0 .alias "D", 0 0, v00ABE748_0;
v00ABD320_0 .net "S", 0 0, L_00A91128; 1 drivers
v00ABD638_0 .net "w1", 0 0, L_00A91010; 1 drivers
v00ABCF00_0 .net "w2", 0 0, L_00A910B8; 1 drivers
v00ABD6E8_0 .net "w3", 0 0, L_00ABEDA0; 1 drivers
S_00BE8CC0 .scope module, "halfadder1" "onebit_halfadder" 2 15, 2 1, S_00BE8EE0;
 .timescale 0 0;
L_00A91010 .functor XOR 1, L_00ABE010, L_00ABE538, C4<0>, C4<0>;
L_00A910B8 .functor AND 1, L_00ABE010, L_00ABE538, C4<1>, C4<1>;
v00ABD690_0 .alias "A", 0 0, v00ABD008_0;
v00ABD2C8_0 .alias "B", 0 0, v00ABCEA8_0;
v00ABD588_0 .alias "C", 0 0, v00ABCF00_0;
v00ABD270_0 .alias "S", 0 0, v00ABD638_0;
S_00BE8C38 .scope module, "halfadder2" "onebit_halfadder" 2 16, 2 1, S_00BE8EE0;
 .timescale 0 0;
L_00A91128 .functor XOR 1, L_00A91010, L_00A90DE0, C4<0>, C4<0>;
L_00ABEDA0 .functor AND 1, L_00A91010, L_00A90DE0, C4<1>, C4<1>;
v00ABD530_0 .alias "A", 0 0, v00ABD638_0;
v00ABD428_0 .alias "B", 0 0, v00ABE748_0;
v00ABD378_0 .alias "C", 0 0, v00ABD6E8_0;
v00ABCDF8_0 .alias "S", 0 0, v00ABD320_0;
S_00BE94B8 .scope module, "fa3" "full_adder" 2 28, 2 11, S_00BE97E8;
 .timescale 0 0;
L_00ABF2A8 .functor OR 1, L_00ABEEF0, L_00ABF2E0, C4<0>, C4<0>;
v00ABDB08_0 .net "A", 0 0, L_00ABE590; 1 drivers
v00ABD8F8_0 .net "B", 0 0, L_00ABE2D0; 1 drivers
v00ABD950_0 .alias "C", 0 0, v00ABE7F8_0;
v00ABDB60_0 .alias "D", 0 0, v00ABE9B0_0;
v00ABD798_0 .net "S", 0 0, L_00ABF318; 1 drivers
v00ABDA00_0 .net "w1", 0 0, L_00ABEDD8; 1 drivers
v00ABD480_0 .net "w2", 0 0, L_00ABEEF0; 1 drivers
v00ABD4D8_0 .net "w3", 0 0, L_00ABF2E0; 1 drivers
S_00BE9CB0 .scope module, "halfadder1" "onebit_halfadder" 2 15, 2 1, S_00BE94B8;
 .timescale 0 0;
L_00ABEDD8 .functor XOR 1, L_00ABE590, L_00ABE2D0, C4<0>, C4<0>;
L_00ABEEF0 .functor AND 1, L_00ABE590, L_00ABE2D0, C4<1>, C4<1>;
v00ABD740_0 .alias "A", 0 0, v00ABDB08_0;
v00ABD848_0 .alias "B", 0 0, v00ABD8F8_0;
v00ABDAB0_0 .alias "C", 0 0, v00ABD480_0;
v00ABD8A0_0 .alias "S", 0 0, v00ABDA00_0;
S_00BE9C28 .scope module, "halfadder2" "onebit_halfadder" 2 16, 2 1, S_00BE94B8;
 .timescale 0 0;
L_00ABF318 .functor XOR 1, L_00ABEDD8, L_00ABF190, C4<0>, C4<0>;
L_00ABF2E0 .functor AND 1, L_00ABEDD8, L_00ABF190, C4<1>, C4<1>;
v00ABD7F0_0 .alias "A", 0 0, v00ABDA00_0;
v00ABD9A8_0 .alias "B", 0 0, v00ABE9B0_0;
v00ABDBB8_0 .alias "C", 0 0, v00ABD4D8_0;
v00ABDA58_0 .alias "S", 0 0, v00ABD798_0;
S_00BE9A90 .scope module, "fa4" "full_adder" 2 29, 2 11, S_00BE97E8;
 .timescale 0 0;
L_00ABECF8 .functor OR 1, L_00ABEE80, L_00ABEEB8, C4<0>, C4<0>;
v00A84FD8_0 .net "A", 0 0, L_00ABE118; 1 drivers
v00A850E0_0 .net "B", 0 0, L_00ABE4E0; 1 drivers
v00A85450_0 .alias "C", 0 0, v00ABEA08_0;
v00A854A8_0 .alias "D", 0 0, v00ABE7F8_0;
v00A85558_0 .net "S", 0 0, L_00ABEF60; 1 drivers
v00A85608_0 .net "w1", 0 0, L_00ABF040; 1 drivers
v00A856B8_0 .net "w2", 0 0, L_00ABEE80; 1 drivers
v00A85710_0 .net "w3", 0 0, L_00ABEEB8; 1 drivers
S_00BE9320 .scope module, "halfadder1" "onebit_halfadder" 2 15, 2 1, S_00BE9A90;
 .timescale 0 0;
L_00ABF040 .functor XOR 1, L_00ABE118, L_00ABE4E0, C4<0>, C4<0>;
L_00ABEE80 .functor AND 1, L_00ABE118, L_00ABE4E0, C4<1>, C4<1>;
v00A853A0_0 .alias "A", 0 0, v00A84FD8_0;
v00A85500_0 .alias "B", 0 0, v00A850E0_0;
v00A853F8_0 .alias "C", 0 0, v00A856B8_0;
v00A855B0_0 .alias "S", 0 0, v00A85608_0;
S_00BE9430 .scope module, "halfadder2" "onebit_halfadder" 2 16, 2 1, S_00BE9A90;
 .timescale 0 0;
L_00ABEF60 .functor XOR 1, L_00ABF040, L_00ABF2A8, C4<0>, C4<0>;
L_00ABEEB8 .functor AND 1, L_00ABF040, L_00ABF2A8, C4<1>, C4<1>;
v00A852F0_0 .alias "A", 0 0, v00A85608_0;
v00A85138_0 .alias "B", 0 0, v00ABE7F8_0;
v00A851E8_0 .alias "C", 0 0, v00A85710_0;
v00A85240_0 .alias "S", 0 0, v00A85558_0;
    .scope S_00BE8E58;
T_0 ;
    %vpi_call 2 40 "$display", "Time\011A,\011B\011C0\011Sum\011Carry Out";
    %vpi_call 2 41 "$display", "--------------------------------------------";
    %set/v v00ABE8A8_0, 0, 4;
    %set/v v00ABE900_0, 0, 4;
    %set/v v00ABE958_0, 0, 1;
    %delay 10, 0;
    %set/v v00ABE8A8_0, 0, 4;
    %movi 8, 1, 4;
    %set/v v00ABE900_0, 8, 4;
    %set/v v00ABE958_0, 1, 1;
    %delay 10, 0;
    %movi 8, 1, 4;
    %set/v v00ABE8A8_0, 8, 4;
    %movi 8, 7, 4;
    %set/v v00ABE900_0, 8, 4;
    %set/v v00ABE958_0, 1, 1;
    %delay 10, 0;
    %set/v v00ABE8A8_0, 1, 4;
    %set/v v00ABE900_0, 0, 4;
    %set/v v00ABE958_0, 1, 1;
    %end;
    .thread T_0;
    .scope S_00BE8E58;
T_1 ;
    %vpi_call 2 49 "$monitor", "%4d\011%b\011%b\011%b\011%d\011%b", $time, v00ABE8A8_0, v00ABE900_0, v00ABE958_0, v00ABDE00_0, v00ABEA08_0;
    %end;
    .thread T_1;
# The file index is used to find the file name in the following table.
:file_names 3;
    "N/A";
    "<interactive>";
    "4-bit-adder.vl";
